[0.009s] Invoking command in '/home/andriy/dev_ws/src/vicon-receiver-galactic/vicon_receiver/build/vicon_receiver': CMAKE_PREFIX_PATH=${CMAKE_PREFIX_PATH}:/home/andriy/dev_ws/install/olympe_bridge_nodes:/home/andriy/dev_ws/install/camera_calibration:/opt/ros/humble /usr/bin/cmake /home/andriy/dev_ws/src/vicon-receiver-galactic/vicon_receiver -DAMENT_CMAKE_SYMLINK_INSTALL=1 -DCMAKE_INSTALL_PREFIX=/home/andriy/dev_ws/src/vicon-receiver-galactic/vicon_receiver/install/vicon_receiver
[0.018s] -- Found ament_cmake: 1.3.3 (/opt/ros/humble/share/ament_cmake/cmake)
[0.124s] -- Override CMake install command with custom implementation using symlinks instead of copying resources
[0.128s] -- Found rosidl_default_generators: 1.2.0 (/opt/ros/humble/share/rosidl_default_generators/cmake)
[0.130s] -- Using all available rosidl_typesupport_c: rosidl_typesupport_fastrtps_c;rosidl_typesupport_introspection_c
[0.132s] -- Found rosidl_adapter: 3.1.4 (/opt/ros/humble/share/rosidl_adapter/cmake)
[0.151s] -- Using all available rosidl_typesupport_cpp: rosidl_typesupport_fastrtps_cpp;rosidl_typesupport_introspection_cpp
[0.168s] -- Found rclcpp: 16.0.3 (/opt/ros/humble/share/rclcpp/cmake)
[0.215s] -- Found rmw_implementation_cmake: 6.1.1 (/opt/ros/humble/share/rmw_implementation_cmake/cmake)
[0.216s] -- Found rmw_fastrtps_cpp: 6.2.2 (/opt/ros/humble/share/rmw_fastrtps_cpp/cmake)
[0.292s] -- Using RMW implementation 'rmw_fastrtps_cpp' as default
[0.576s] -- Found ament_cmake_ros: 0.10.0 (/opt/ros/humble/share/ament_cmake_ros/cmake)
[0.721s] -- Using all available rosidl_typesupport_c: rosidl_typesupport_fastrtps_c;rosidl_typesupport_introspection_c
[0.902s] -- Using all available rosidl_typesupport_cpp: rosidl_typesupport_fastrtps_cpp;rosidl_typesupport_introspection_cpp
[0.918s] -- Found python_cmake_module: 0.10.0 (/opt/ros/humble/share/python_cmake_module/cmake)
[0.935s] -- Using PYTHON_EXECUTABLE: /usr/bin/python3
[0.935s] -- Using PYTHON_INCLUDE_DIRS: /usr/include/python3.10
[0.935s] -- Using PYTHON_LIBRARIES: /usr/lib/x86_64-linux-gnu/libpython3.10.so
[0.954s] -- Configuring done
[0.971s] -- Generating done
[0.973s] -- Build files have been written to: /home/andriy/dev_ws/src/vicon-receiver-galactic/vicon_receiver/build/vicon_receiver
[0.980s] Invoked command in '/home/andriy/dev_ws/src/vicon-receiver-galactic/vicon_receiver/build/vicon_receiver' returned '0': CMAKE_PREFIX_PATH=${CMAKE_PREFIX_PATH}:/home/andriy/dev_ws/install/olympe_bridge_nodes:/home/andriy/dev_ws/install/camera_calibration:/opt/ros/humble /usr/bin/cmake /home/andriy/dev_ws/src/vicon-receiver-galactic/vicon_receiver -DAMENT_CMAKE_SYMLINK_INSTALL=1 -DCMAKE_INSTALL_PREFIX=/home/andriy/dev_ws/src/vicon-receiver-galactic/vicon_receiver/install/vicon_receiver
[0.980s] Invoking command in '/home/andriy/dev_ws/src/vicon-receiver-galactic/vicon_receiver/build/vicon_receiver': CMAKE_PREFIX_PATH=${CMAKE_PREFIX_PATH}:/home/andriy/dev_ws/install/olympe_bridge_nodes:/home/andriy/dev_ws/install/camera_calibration:/opt/ros/humble /usr/bin/cmake --build /home/andriy/dev_ws/src/vicon-receiver-galactic/vicon_receiver/build/vicon_receiver -- -j20 -l20
[1.009s] [  2%] [34m[1mGenerating C code for ROS interfaces[0m
[1.015s] [  5%] [34m[1mGenerating C++ code for ROS interfaces[0m
[1.015s] [  8%] [32mBuilding CXX object CMakeFiles/vicon_client.dir/src/vicon_receiver/communicator.cpp.o[0m
[1.016s] [ 11%] [32mBuilding CXX object CMakeFiles/vicon_client.dir/src/vicon_receiver/publisher.cpp.o[0m
[1.020s] [ 11%] Built target ament_cmake_python_symlink_vicon_receiver
[1.169s] In file included from [01m[K/home/andriy/dev_ws/src/vicon-receiver-galactic/vicon_receiver/src/vicon_receiver/publisher.cpp:1[m[K:
[1.170s] [01m[K/home/andriy/dev_ws/src/vicon-receiver-galactic/vicon_receiver/include/vicon_receiver/publisher.hpp:5:10:[m[K [01;31m[Kfatal error: [m[Kvicon_receiver/msg/position.hpp: No such file or directory
[1.170s]     5 | #include [01;31m[K"vicon_receiver/msg/position.hpp"[m[K
[1.170s]       |          [01;31m[K^~~~~~~~~~~~~~~~~~~~~~~~~~~~~~~~~[m[K
[1.170s] compilation terminated.
[1.173s] In file included from [01m[K/home/andriy/dev_ws/src/vicon-receiver-galactic/vicon_receiver/include/vicon_receiver/communicator.hpp:6[m[K,
[1.173s]                  from [01m[K/home/andriy/dev_ws/src/vicon-receiver-galactic/vicon_receiver/src/vicon_receiver/communicator.cpp:1[m[K:
[1.173s] [01m[K/home/andriy/dev_ws/src/vicon-receiver-galactic/vicon_receiver/include/vicon_receiver/publisher.hpp:5:10:[m[K [01;31m[Kfatal error: [m[Kvicon_receiver/msg/position.hpp: No such file or directory
[1.173s]     5 | #include [01;31m[K"vicon_receiver/msg/position.hpp"[m[K
[1.173s]       |          [01;31m[K^~~~~~~~~~~~~~~~~~~~~~~~~~~~~~~~~[m[K
[1.173s] compilation terminated.
[1.181s] gmake[2]: *** [CMakeFiles/vicon_client.dir/build.make:76: CMakeFiles/vicon_client.dir/src/vicon_receiver/communicator.cpp.o] Error 1
[1.181s] gmake[2]: *** Waiting for unfinished jobs....
[1.181s] gmake[2]: *** [CMakeFiles/vicon_client.dir/build.make:90: CMakeFiles/vicon_client.dir/src/vicon_receiver/publisher.cpp.o] Error 1
[1.182s] gmake[1]: *** [CMakeFiles/Makefile2:592: CMakeFiles/vicon_client.dir/all] Error 2
[1.182s] gmake[1]: *** Waiting for unfinished jobs....
[1.243s] [ 11%] Built target vicon_receiver__cpp
[1.257s] [ 14%] [32mBuilding C object CMakeFiles/vicon_receiver__rosidl_generator_c.dir/rosidl_generator_c/vicon_receiver/msg/detail/position__functions.c.o[0m
[1.269s] running egg_info
[1.269s] creating vicon_receiver.egg-info
[1.269s] writing vicon_receiver.egg-info/PKG-INFO
[1.270s] writing dependency_links to vicon_receiver.egg-info/dependency_links.txt
[1.270s] writing top-level names to vicon_receiver.egg-info/top_level.txt
[1.270s] writing manifest file 'vicon_receiver.egg-info/SOURCES.txt'
[1.272s] reading manifest file 'vicon_receiver.egg-info/SOURCES.txt'
[1.272s] writing manifest file 'vicon_receiver.egg-info/SOURCES.txt'
[1.293s] [ 14%] Built target ament_cmake_python_build_vicon_receiver_egg
[1.297s] [ 17%] [32m[1mLinking C shared library libvicon_receiver__rosidl_generator_c.so[0m
[1.325s] [ 17%] Built target vicon_receiver__rosidl_generator_c
[1.326s] gmake: *** [Makefile:146: all] Error 2
[1.329s] Invoked command in '/home/andriy/dev_ws/src/vicon-receiver-galactic/vicon_receiver/build/vicon_receiver' returned '2': CMAKE_PREFIX_PATH=${CMAKE_PREFIX_PATH}:/home/andriy/dev_ws/install/olympe_bridge_nodes:/home/andriy/dev_ws/install/camera_calibration:/opt/ros/humble /usr/bin/cmake --build /home/andriy/dev_ws/src/vicon-receiver-galactic/vicon_receiver/build/vicon_receiver -- -j20 -l20
